{"/Users/ray/WebstormProjects/service-common/services/magic-link/src/config.js": {"path":"/Users/ray/WebstormProjects/service-common/services/magic-link/src/config.js","statementMap":{"0":{"start":{"line":1,"column":0},"end":{"line":13,"column":2}}},"fnMap":{},"branchMap":{},"s":{"0":3},"f":{},"b":{},"_coverageSchema":"1a1c01bbd47fc00a2c39e90264f33305004495a9","hash":"96f623823609622198ef7b06caf5d4f77755f662"}
,"/Users/ray/WebstormProjects/service-common/services/magic-link/src/magic-link.js": {"path":"/Users/ray/WebstormProjects/service-common/services/magic-link/src/magic-link.js","statementMap":{"0":{"start":{"line":1,"column":12},"end":{"line":1,"column":35}},"1":{"start":{"line":2,"column":20},"end":{"line":2,"column":56}},"2":{"start":{"line":3,"column":17},"end":{"line":3,"column":36}},"3":{"start":{"line":4,"column":14},"end":{"line":4,"column":40}},"4":{"start":{"line":5,"column":15},"end":{"line":5,"column":34}},"5":{"start":{"line":6,"column":18},"end":{"line":6,"column":44}},"6":{"start":{"line":7,"column":20},"end":{"line":7,"column":49}},"7":{"start":{"line":9,"column":31},"end":{"line":9,"column":84}},"8":{"start":{"line":11,"column":26},"end":{"line":11,"column":62}},"9":{"start":{"line":12,"column":26},"end":{"line":12,"column":62}},"10":{"start":{"line":14,"column":27},"end":{"line":14,"column":32}},"11":{"start":{"line":138,"column":0},"end":{"line":141,"column":2}}},"fnMap":{},"branchMap":{},"s":{"0":1,"1":1,"2":1,"3":1,"4":1,"5":1,"6":1,"7":1,"8":1,"9":1,"10":1,"11":1},"f":{},"b":{},"_coverageSchema":"1a1c01bbd47fc00a2c39e90264f33305004495a9","hash":"35f0cd4e199608fec24372909c5eb4c369611c85"}
,"/Users/ray/WebstormProjects/service-common/services/magic-link/src/util/cryptoUtils.js": {"path":"/Users/ray/WebstormProjects/service-common/services/magic-link/src/util/cryptoUtils.js","statementMap":{"0":{"start":{"line":1,"column":15},"end":{"line":1,"column":32}},"1":{"start":{"line":2,"column":15},"end":{"line":2,"column":35}},"2":{"start":{"line":4,"column":18},"end":{"line":4,"column":31}},"3":{"start":{"line":5,"column":18},"end":{"line":5,"column":38}},"4":{"start":{"line":14,"column":13},"end":{"line":14,"column":35}},"5":{"start":{"line":15,"column":17},"end":{"line":15,"column":64}},"6":{"start":{"line":16,"column":20},"end":{"line":16,"column":72}},"7":{"start":{"line":18,"column":2},"end":{"line":21,"column":4}},"8":{"start":{"line":31,"column":19},"end":{"line":35,"column":3}},"9":{"start":{"line":37,"column":20},"end":{"line":40,"column":4}},"10":{"start":{"line":42,"column":2},"end":{"line":42,"column":30}},"11":{"start":{"line":45,"column":0},"end":{"line":48,"column":2}}},"fnMap":{"0":{"name":"encryptValue","decl":{"start":{"line":13,"column":9},"end":{"line":13,"column":21}},"loc":{"start":{"line":13,"column":28},"end":{"line":22,"column":1}},"line":13},"1":{"name":"decryptValue","decl":{"start":{"line":30,"column":9},"end":{"line":30,"column":21}},"loc":{"start":{"line":30,"column":28},"end":{"line":43,"column":1}},"line":30}},"branchMap":{},"s":{"0":2,"1":2,"2":2,"3":2,"4":1,"5":1,"6":1,"7":1,"8":1,"9":1,"10":1,"11":2},"f":{"0":1,"1":1},"b":{},"_coverageSchema":"1a1c01bbd47fc00a2c39e90264f33305004495a9","hash":"8d656bc67c4419454b1b3aa92dee3b1d743eeb93"}
,"/Users/ray/WebstormProjects/service-common/services/magic-link/src/util/dateUtil.js": {"path":"/Users/ray/WebstormProjects/service-common/services/magic-link/src/util/dateUtil.js","statementMap":{"0":{"start":{"line":8,"column":2},"end":{"line":8,"column":45}},"1":{"start":{"line":11,"column":0},"end":{"line":13,"column":2}}},"fnMap":{"0":{"name":"addMillisToCurrentDate","decl":{"start":{"line":7,"column":9},"end":{"line":7,"column":31}},"loc":{"start":{"line":7,"column":46},"end":{"line":9,"column":1}},"line":7}},"branchMap":{},"s":{"0":3,"1":2},"f":{"0":3},"b":{},"_coverageSchema":"1a1c01bbd47fc00a2c39e90264f33305004495a9","hash":"aa4d0296c5cb62dda4563c05e3da4869552cae79"}
,"/Users/ray/WebstormProjects/service-common/services/magic-link/src/validators/schema/magicLinkDataValidator.js": {"path":"/Users/ray/WebstormProjects/service-common/services/magic-link/src/validators/schema/magicLinkDataValidator.js","statementMap":{"0":{"start":{"line":1,"column":12},"end":{"line":1,"column":26}},"1":{"start":{"line":3,"column":24},"end":{"line":6,"column":2}},"2":{"start":{"line":8,"column":19},"end":{"line":12,"column":2}},"3":{"start":{"line":14,"column":28},"end":{"line":17,"column":2}},"4":{"start":{"line":26,"column":2},"end":{"line":29,"column":5}},"5":{"start":{"line":32,"column":0},"end":{"line":32,"column":30}}},"fnMap":{"0":{"name":"validate","decl":{"start":{"line":25,"column":15},"end":{"line":25,"column":23}},"loc":{"start":{"line":25,"column":39},"end":{"line":30,"column":1}},"line":25}},"branchMap":{},"s":{"0":2,"1":2,"2":2,"3":2,"4":5,"5":2},"f":{"0":5},"b":{},"_coverageSchema":"1a1c01bbd47fc00a2c39e90264f33305004495a9","hash":"4662fd816ee14745f994d685e3b3abaab234f761"}
}
